<?xml version="1.0" encoding="UTF-8"?>
<!-- Generated by org.testng.reporters.JUnitXMLReporter -->
<testsuite hostname="DESKTOP-6LL5ST8" ignored="0" name="Default test" tests="2" failures="0" timestamp="07 Sep 2020 05:45:37 GMT" time="77.603" errors="0">
  <testcase name="NegativeCaseToFindoutAllRequiredFeilds" time="3.897" classname="com.pages.TestClassForHotelBooking"/>
  <testcase name="zHappyPath" time="47.792" classname="com.pages.TestClassForHotelBooking"/>
</testsuite> <!-- Default test -->
