<?xml version="1.0" encoding="UTF-8"?>
<testng-results skipped="0" failed="0" ignored="0" total="2" passed="2">
  <reporter-output>
  </reporter-output>
  <suite name="Default suite" duration-ms="77603" started-at="2020-09-07T05:44:20Z" finished-at="2020-09-07T05:45:37Z">
    <groups>
    </groups>
    <test name="Default test" duration-ms="77603" started-at="2020-09-07T05:44:20Z" finished-at="2020-09-07T05:45:37Z">
      <class name="com.pages.TestClassForHotelBooking">
        <test-method status="PASS" signature="beforeSuite()[pri:0, instance:com.pages.TestClassForHotelBooking@4c1d9d4b]" name="beforeSuite" is-config="true" duration-ms="14273" started-at="2020-09-07T01:44:20Z" finished-at="2020-09-07T01:44:34Z">
          <reporter-output>
          </reporter-output>
        </test-method> <!-- beforeSuite -->
        <test-method status="PASS" signature="NegativeCaseToFindoutAllRequiredFeilds()[pri:0, instance:com.pages.TestClassForHotelBooking@4c1d9d4b]" name="NegativeCaseToFindoutAllRequiredFeilds" duration-ms="3897" started-at="2020-09-07T01:44:34Z" finished-at="2020-09-07T01:44:38Z">
          <reporter-output>
          </reporter-output>
        </test-method> <!-- NegativeCaseToFindoutAllRequiredFeilds -->
        <test-method status="PASS" signature="afterSuite()[pri:0, instance:com.pages.TestClassForHotelBooking@4c1d9d4b]" name="afterSuite" is-config="true" duration-ms="1017" started-at="2020-09-07T01:44:38Z" finished-at="2020-09-07T01:44:39Z">
          <reporter-output>
          </reporter-output>
        </test-method> <!-- afterSuite -->
        <test-method status="PASS" signature="beforeSuite()[pri:0, instance:com.pages.TestClassForHotelBooking@4c1d9d4b]" name="beforeSuite" is-config="true" duration-ms="9532" started-at="2020-09-07T01:44:39Z" finished-at="2020-09-07T01:44:48Z">
          <reporter-output>
          </reporter-output>
        </test-method> <!-- beforeSuite -->
        <test-method status="PASS" signature="zHappyPath()[pri:0, instance:com.pages.TestClassForHotelBooking@4c1d9d4b]" name="zHappyPath" duration-ms="47792" started-at="2020-09-07T01:44:48Z" finished-at="2020-09-07T01:45:36Z">
          <reporter-output>
          </reporter-output>
        </test-method> <!-- zHappyPath -->
        <test-method status="PASS" signature="afterSuite()[pri:0, instance:com.pages.TestClassForHotelBooking@4c1d9d4b]" name="afterSuite" is-config="true" duration-ms="1037" started-at="2020-09-07T01:45:36Z" finished-at="2020-09-07T01:45:37Z">
          <reporter-output>
          </reporter-output>
        </test-method> <!-- afterSuite -->
      </class> <!-- com.pages.TestClassForHotelBooking -->
    </test> <!-- Default test -->
  </suite> <!-- Default suite -->
</testng-results>
